#
# A fatal error has been detected by the Java Runtime Environment:
#
#  EXCEPTION_ACCESS_VIOLATION (0xc0000005) at pc=0x00007fffa0e9cac8, pid=3460, tid=7048
#
# JRE version: OpenJDK Runtime Environment Temurin-17.0.9+9 (17.0.9+9) (build 17.0.9+9)
# Java VM: OpenJDK 64-Bit Server VM Temurin-17.0.9+9 (17.0.9+9, mixed mode, tiered, compressed oops, compressed class ptrs, parallel gc, windows-amd64)
# Problematic frame:
# V  [jvm.dll+0xcac8]
#
# No core dump will be written. Minidumps are not enabled by default on client versions of Windows
#
# If you would like to submit a bug report, please visit:
#   https://github.com/adoptium/adoptium-support/issues
#

---------------  S U M M A R Y ------------

Command Line: --add-modules=ALL-SYSTEM --add-opens=java.base/java.util=ALL-UNNAMED --add-opens=java.base/java.lang=ALL-UNNAMED --add-opens=java.base/sun.nio.fs=ALL-UNNAMED -Declipse.application=org.eclipse.jdt.ls.core.id1 -Dosgi.bundles.defaultStartLevel=4 -Declipse.product=org.eclipse.jdt.ls.core.product -Djava.import.generatesMetadataFilesAtProjectRoot=false -DDetectVMInstallationsJob.disabled=true -Dfile.encoding=utf8 -XX:+UseParallelGC -XX:GCTimeRatio=4 -XX:AdaptiveSizePolicyWeight=90 -Dsun.zip.disableMemoryMapping=true -Xmx1G -Xms100m -Xlog:disable -javaagent:c:\Users\Apoorv_Shandilya\.vscode\extensions\redhat.java-1.26.0-win32-x64\lombok\lombok-1.18.31-3454.jar -XX:+HeapDumpOnOutOfMemoryError -XX:HeapDumpPath=c:\Users\Apoorv_Shandilya\AppData\Roaming\Code\User\workspaceStorage\f238fc9efdc87b7ca7445f1d9723603b\redhat.java -Daether.dependencyCollector.impl=bf c:\Users\Apoorv_Shandilya\.vscode\extensions\redhat.java-1.26.0-win32-x64\server\plugins\org.eclipse.equinox.launcher_1.6.700.v20231214-2017.jar -configuration c:\Users\Apoorv_Shandilya\AppData\Roaming\Code\User\globalStorage\redhat.java\1.26.0\config_win -data c:\Users\Apoorv_Shandilya\AppData\Roaming\Code\User\workspaceStorage\f238fc9efdc87b7ca7445f1d9723603b\redhat.java\jdt_ws --stdio

Host: Intel(R) Core(TM) i5-4460  CPU @ 3.20GHz, 4 cores, 15G,  Windows 10 , 64 bit Build 19041 (10.0.19041.3636)
Time: Wed Jan 31 18:43:24 2024 India Standard Time elapsed time: 10605.166991 seconds (0d 2h 56m 45s)

---------------  T H R E A D  ---------------

Current thread (0x000002a71b24cd80):  GCTaskThread "GC Thread#2" [stack: 0x000000f1c3300000,0x000000f1c3400000] [id=7048]

Stack: [0x000000f1c3300000,0x000000f1c3400000],  sp=0x000000f1c33ff588,  free space=1021k
Native frames: (J=compiled Java code, j=interpreted, Vv=VM code, C=native code)
V  [jvm.dll+0xcac8]


siginfo: EXCEPTION_ACCESS_VIOLATION (0xc0000005), reading address 0x0000000000000050


Registers:
RAX=0x0000000000000001, RBX=0x00000000c532aed0, RCX=0x0000000000000003, RDX=0x00000000c532aed0
RSP=0x000000f1c33ff588, RBP=0x000002a77f7e89e0, RSI=0x0000000000000006, RDI=0x00000000c53af08c
R8 =0x0000000000000048, R9 =0x00000000000099c4, R10=0x00000000c51d0ac0, R11=0x00000000000000a3
R12=0x000000f1c24fefd8, R13=0x0000000000000010, R14=0x00000000c53af588, R15=0x0000000000000000
RIP=0x00007fffa0e9cac8, EFLAGS=0x0000000000010206


Register to memory mapping:

RIP=0x00007fffa0e9cac8 jvm.dll
RAX=0x0000000000000001 is an unknown value
RBX=0x00000000c532aed0 is pointing into object: [C 
{0x00000000c532aea8} - klass: {type array char}
 - length: 16
RCX=0x0000000000000003 is an unknown value
RDX=0x00000000c532aed0 is pointing into object: [C 
{0x00000000c532aea8} - klass: {type array char}
 - length: 16
RSP=0x000000f1c33ff588 points into unknown readable memory: 0x00007fffa153ff48 | 48 ff 53 a1 ff 7f 00 00
RBP=0x000002a77f7e89e0 points into unknown readable memory: 0x000002a77f520150 | 50 01 52 7f a7 02 00 00
RSI=0x0000000000000006 is an unknown value
RDI=0x00000000c53af08c is pointing into object: [[C 
{0x00000000c53ad578} - klass: {type array char}[]
 - length: 6015
R8 =0x0000000000000048 is an unknown value
R9 =0x00000000000099c4 is an unknown value
R10=0x00000000c51d0ac0 is an oop: [C 
{0x00000000c51d0ac0} - klass: {type array char}
 - length: 15
R11=0x00000000000000a3 is an unknown value
R12=0x000000f1c24fefd8 points into unknown readable memory: 0x0000000000000004 | 04 00 00 00 00 00 00 00
R13=0x0000000000000010 is an unknown value
R14=0x00000000c53af588 is pointing into object: [[C 
{0x00000000c53ad578} - klass: {type array char}[]
 - length: 6015
R15=0x0 is NULL


Top of Stack: (sp=0x000000f1c33ff588)
0x000000f1c33ff588:   00007fffa153ff48 00000000c51d0ac0
0x000000f1c33ff598:   00000000c53af088 0000000000000000
0x000000f1c33ff5a8:   00007fffa19bc790 00007fffa19bc790
0x000000f1c33ff5b8:   00007fffa1540283 000002a77f7e89e0
0x000000f1c33ff5c8:   00007fffa17abb90 00007fffa1841018
0x000000f1c33ff5d8:   0000000000009751 0000000000000000
0x000000f1c33ff5e8:   00007fff00000000 000002a77f7e89e0
0x000000f1c33ff5f8:   00007fffa153e1a1 00000000c1feb3c8
0x000000f1c33ff608:   00007fffa153ff7e 00007fffa17abb90
0x000000f1c33ff618:   000002a77f739ba0 000000f100000003
0x000000f1c33ff628:   000002a77f7e89e0 0000000000000000
0x000000f1c33ff638:   0000000000000000 0000000000000000
0x000000f1c33ff648:   00000000c4f6d0b8 00007fffa19bc790
0x000000f1c33ff658:   000000000000000c 000002a77f7e89e0
0x000000f1c33ff668:   00007fffa1548a01 000002a77f7e89e0
0x000000f1c33ff678:   0000000000000000 00007fffa1841018
0x000000f1c33ff688:   00007fffa1841018 00000000c4f2d0a8
0x000000f1c33ff698:   000000f10000f800 00007fffa1841018
0x000000f1c33ff6a8:   000002a77f739ba0 0000000000000003
0x000000f1c33ff6b8:   000002a77f7e89e0 0000000000000020
0x000000f1c33ff6c8:   000002a7154f67c0 000000f1c24fef98
0x000000f1c33ff6d8:   000000f1c24fee90 0000000000000000
0x000000f1c33ff6e8:   00007fffa154991a 0000000000000005
0x000000f1c33ff6f8:   000000f1c33ff770 00000000c0ae1f10
0x000000f1c33ff708:   0000000000000001 000000f1c24ff230
0x000000f1c33ff718:   000002a71a6fb160 0000000000000002
0x000000f1c33ff728:   000002a77f7e89e0 00007fffa1841808
0x000000f1c33ff738:   000002a77f7e89e0 00007fffa1841a10
0x000000f1c33ff748:   0000000000000000 0000000000000000
0x000000f1c33ff758:   0000000000000001 0000000000000001
0x000000f1c33ff768:   00002f0fd9b2a08b 0000000000000000
0x000000f1c33ff778:   000002a71b24cd80 0000000000000000 

Instructions: (pc=0x00007fffa0e9cac8)
0x00007fffa0e9c9c8:   48 83 c4 20 5e c3 cc cc 48 8b 01 c3 cc cc cc cc
0x00007fffa0e9c9d8:   cc cc cc cc cc cc cc cc 4c 8b 01 4c 8b c9 48 8b
0x00007fffa0e9c9e8:   0d a3 60 b6 00 ba 44 60 08 00 e9 d9 f1 ff ff cc
0x00007fffa0e9c9f8:   cc cc cc cc cc cc cc cc 48 89 5c 24 08 57 48 83
0x00007fffa0e9ca08:   ec 20 48 8b 39 48 8b d9 48 85 3d 01 43 bb 00 75
0x00007fffa0e9ca18:   0e 48 8b c7 48 8b 5c 24 30 48 83 c4 20 5f c3 48
0x00007fffa0e9ca28:   8b cf e8 51 94 85 00 48 8b d0 48 85 c0 74 20 48
0x00007fffa0e9ca38:   8b c7 f0 48 0f b1 13 74 16 48 85 05 d0 42 bb 00
0x00007fffa0e9ca48:   74 0d 48 8b c8 f0 48 0f b1 13 48 3b c1 75 ea 48
0x00007fffa0e9ca58:   8b 5c 24 30 48 8b c2 48 83 c4 20 5f c3 cc cc cc
0x00007fffa0e9ca68:   cc cc cc cc cc cc cc cc 4c 8b 01 4c 8b c9 48 8b
0x00007fffa0e9ca78:   0d 13 60 b6 00 ba 64 60 08 00 e9 49 f1 ff ff cc
0x00007fffa0e9ca88:   cc cc cc cc cc cc cc cc 8b 05 62 a8 b0 00 c3 cc
0x00007fffa0e9ca98:   cc cc cc cc cc cc cc cc 0f b6 05 3d 68 b7 00 48
0x00007fffa0e9caa8:   8b d1 84 c0 74 16 44 8b 41 08 8b 0d 40 a8 b0 00
0x00007fffa0e9cab8:   49 d3 e0 4c 03 05 2e a8 b0 00 eb 04 4c 8b 41 08
0x00007fffa0e9cac8:   45 8b 50 08 45 85 d2 7e 0e 41 f6 c2 01 75 53 41
0x00007fffa0e9cad8:   c1 fa 03 41 8b c2 c3 79 49 84 c0 b9 10 00 00 00
0x00007fffa0e9cae8:   8b 05 46 b7 b0 00 41 b8 0c 00 00 00 41 0f 45 c8
0x00007fffa0e9caf8:   ff c8 4c 63 c8 48 63 14 11 41 8b ca 83 e1 3f 48
0x00007fffa0e9cb08:   d3 e2 41 8b ca 48 c1 f9 10 0f b6 c1 49 8d 0c 11
0x00007fffa0e9cb18:   49 f7 d1 48 03 c1 49 c1 e9 03 48 c1 e8 03 41 23
0x00007fffa0e9cb28:   c1 c3 49 8b 00 49 8b c8 48 ff a0 00 01 00 00 cc
0x00007fffa0e9cb38:   cc cc cc cc cc cc cc cc 8b 44 24 30 45 03 c9 44
0x00007fffa0e9cb48:   2b 4c 24 28 83 c0 0b 44 03 ca 45 03 c8 41 03 c1
0x00007fffa0e9cb58:   c3 cc cc cc cc cc cc cc 4c 8b ca 48 8b d1 45 8b
0x00007fffa0e9cb68:   41 08 45 85 c0 7e 0e 41 f6 c0 01 75 56 41 c1 f8
0x00007fffa0e9cb78:   03 41 8b c0 c3 79 4c 80 3d 5e 67 b7 00 00 b8 0c
0x00007fffa0e9cb88:   00 00 00 b9 10 00 00 00 0f 45 c8 8b 05 9b b6 b0
0x00007fffa0e9cb98:   00 ff c8 4c 63 c8 48 63 14 11 41 8b c8 83 e1 3f
0x00007fffa0e9cba8:   48 d3 e2 41 8b c8 48 c1 f9 10 0f b6 c1 49 8d 0c
0x00007fffa0e9cbb8:   11 49 f7 d1 48 03 c1 49 c1 e9 03 48 c1 e8 03 41 


Stack slot to memory mapping:
stack at sp + 0 slots: 0x00007fffa153ff48 jvm.dll
stack at sp + 1 slots: 0x00000000c51d0ac0 is an oop: [C 
{0x00000000c51d0ac0} - klass: {type array char}
 - length: 15
stack at sp + 2 slots: 0x00000000c53af088 is pointing into object: [[C 
{0x00000000c53ad578} - klass: {type array char}[]
 - length: 6015
stack at sp + 3 slots: 0x0 is NULL
stack at sp + 4 slots: 0x00007fffa19bc790 jvm.dll
stack at sp + 5 slots: 0x00007fffa19bc790 jvm.dll
stack at sp + 6 slots: 0x00007fffa1540283 jvm.dll
stack at sp + 7 slots: 0x000002a77f7e89e0 points into unknown readable memory: 0x000002a77f520150 | 50 01 52 7f a7 02 00 00


---------------  P R O C E S S  ---------------

Threads class SMR info:
_java_thread_list=0x000002a71b9bd170, length=39, elements={
0x000002a77f72e510, 0x000002a77f7ee8a0, 0x000002a7154f1e50, 0x000002a7154fdad0,
0x000002a7154fe750, 0x000002a7154ff3d0, 0x000002a715500f00, 0x000002a715501bf0,
0x000002a71a6c3b30, 0x000002a71a6c6800, 0x000002a71a6dc8c0, 0x000002a71a9a7a70,
0x000002a71b017ea0, 0x000002a71b3ee350, 0x000002a71b3efa60, 0x000002a71b713270,
0x000002a71b15c480, 0x000002a71b659150, 0x000002a71b65a590, 0x000002a71b65b4c0,
0x000002a71b659660, 0x000002a71d6e7390, 0x000002a71d6ea630, 0x000002a71bd0b4f0,
0x000002a71bd0ba00, 0x000002a71bd0ce40, 0x000002a71d899ed0, 0x000002a71d89db90,
0x000002a71bd0fbd0, 0x000002a71d89cc60, 0x000002a71d89e5b0, 0x000002a71ae497e0,
0x000002a71d8999c0, 0x000002a71d89d680, 0x000002a71bd0c420, 0x000002a71bd0d860,
0x000002a71ae44bf0, 0x000002a71ae46030, 0x000002a71ae46540
}

Java Threads: ( => current thread )
  0x000002a77f72e510 JavaThread "main" [_thread_blocked, id=13036, stack(0x000000f1c2200000,0x000000f1c2300000)]
  0x000002a77f7ee8a0 JavaThread "Reference Handler" daemon [_thread_blocked, id=5748, stack(0x000000f1c2500000,0x000000f1c2600000)]
  0x000002a7154f1e50 JavaThread "Finalizer" daemon [_thread_blocked, id=5360, stack(0x000000f1c2600000,0x000000f1c2700000)]
  0x000002a7154fdad0 JavaThread "Signal Dispatcher" daemon [_thread_blocked, id=11588, stack(0x000000f1c2700000,0x000000f1c2800000)]
  0x000002a7154fe750 JavaThread "Attach Listener" daemon [_thread_blocked, id=14980, stack(0x000000f1c2800000,0x000000f1c2900000)]
  0x000002a7154ff3d0 JavaThread "Service Thread" daemon [_thread_blocked, id=7708, stack(0x000000f1c2900000,0x000000f1c2a00000)]
  0x000002a715500f00 JavaThread "Monitor Deflation Thread" daemon [_thread_blocked, id=13464, stack(0x000000f1c2a00000,0x000000f1c2b00000)]
  0x000002a715501bf0 JavaThread "C2 CompilerThread0" daemon [_thread_blocked, id=2124, stack(0x000000f1c2b00000,0x000000f1c2c00000)]
  0x000002a71a6c3b30 JavaThread "C1 CompilerThread0" daemon [_thread_blocked, id=4736, stack(0x000000f1c2c00000,0x000000f1c2d00000)]
  0x000002a71a6c6800 JavaThread "Sweeper thread" daemon [_thread_blocked, id=14076, stack(0x000000f1c2d00000,0x000000f1c2e00000)]
  0x000002a71a6dc8c0 JavaThread "Common-Cleaner" daemon [_thread_blocked, id=8256, stack(0x000000f1c2e00000,0x000000f1c2f00000)]
  0x000002a71a9a7a70 JavaThread "Notification Thread" daemon [_thread_blocked, id=6148, stack(0x000000f1c2f00000,0x000000f1c3000000)]
  0x000002a71b017ea0 JavaThread "Active Thread: Equinox Container: e3d55f21-48ac-4282-9459-aeb260c48d3f" [_thread_blocked, id=10888, stack(0x000000f1c3500000,0x000000f1c3600000)]
  0x000002a71b3ee350 JavaThread "Framework Event Dispatcher: Equinox Container: e3d55f21-48ac-4282-9459-aeb260c48d3f" daemon [_thread_blocked, id=15016, stack(0x000000f1c3600000,0x000000f1c3700000)]
  0x000002a71b3efa60 JavaThread "Start Level: Equinox Container: e3d55f21-48ac-4282-9459-aeb260c48d3f" daemon [_thread_blocked, id=14624, stack(0x000000f1c3700000,0x000000f1c3800000)]
  0x000002a71b713270 JavaThread "Bundle File Closer" daemon [_thread_blocked, id=1336, stack(0x000000f1c3800000,0x000000f1c3900000)]
  0x000002a71b15c480 JavaThread "SCR Component Actor" daemon [_thread_blocked, id=13716, stack(0x000000f1c3900000,0x000000f1c3a00000)]
  0x000002a71b659150 JavaThread "Worker-JM" [_thread_blocked, id=9180, stack(0x000000f1c3b00000,0x000000f1c3c00000)]
  0x000002a71b65a590 JavaThread "Java indexing" daemon [_thread_blocked, id=14424, stack(0x000000f1c3f00000,0x000000f1c4000000)]
  0x000002a71b65b4c0 JavaThread "JNA Cleaner" daemon [_thread_blocked, id=4368, stack(0x000000f1c4100000,0x000000f1c4200000)]
  0x000002a71b659660 JavaThread "pool-2-thread-1" [_thread_blocked, id=9232, stack(0x000000f1c4400000,0x000000f1c4500000)]
  0x000002a71d6e7390 JavaThread "WorkspaceEventsHandler" [_thread_blocked, id=8484, stack(0x000000f1c4500000,0x000000f1c4600000)]
  0x000002a71d6ea630 JavaThread "pool-1-thread-1" [_thread_blocked, id=3508, stack(0x000000f1c4600000,0x000000f1c4700000)]
  0x000002a71bd0b4f0 JavaThread "Java Debug Server" daemon [_thread_in_native, id=11604, stack(0x000000f1c4c00000,0x000000f1c4d00000)]
  0x000002a71bd0ba00 JavaThread "RxSchedulerPurge-1" daemon [_thread_blocked, id=11728, stack(0x000000f1c4e00000,0x000000f1c4f00000)]
  0x000002a71bd0ce40 JavaThread "RxCachedWorkerPoolEvictor-1" daemon [_thread_blocked, id=11148, stack(0x000000f1c4f00000,0x000000f1c5000000)]
  0x000002a71d899ed0 JavaThread "pool-7-thread-2" [_thread_in_native, id=10468, stack(0x000000f1c3a00000,0x000000f1c3b00000)]
  0x000002a71d89db90 JavaThread "process reaper (pid 13580)" daemon [_thread_in_native, id=10296, stack(0x000000f1c1d60000,0x000000f1c1d80000)]
  0x000002a71bd0fbd0 JavaThread "RxNewThreadScheduler-19" daemon [_thread_blocked, id=15316, stack(0x000000f1c4000000,0x000000f1c4100000)]
  0x000002a71d89cc60 JavaThread "ForkJoinPool.commonPool-worker-34" daemon [_thread_blocked, id=9564, stack(0x000000f1c2100000,0x000000f1c2200000)]
  0x000002a71d89e5b0 JavaThread "ForkJoinPool.commonPool-worker-38" daemon [_thread_blocked, id=12292, stack(0x000000f1c3e00000,0x000000f1c3f00000)]
  0x000002a71ae497e0 JavaThread "ForkJoinPool.commonPool-worker-42" daemon [_thread_blocked, id=9500, stack(0x000000f1c3100000,0x000000f1c3200000)]
  0x000002a71d8999c0 JavaThread "ForkJoinPool.commonPool-worker-44" daemon [_thread_blocked, id=10844, stack(0x000000f1c4700000,0x000000f1c4800000)]
  0x000002a71d89d680 JavaThread "Worker-49" [_thread_blocked, id=9824, stack(0x000000f1c3d00000,0x000000f1c3e00000)]
  0x000002a71bd0c420 JavaThread "Worker-53" [_thread_blocked, id=5448, stack(0x000000f1c3c00000,0x000000f1c3d00000)]
  0x000002a71bd0d860 JavaThread "ForkJoinPool.commonPool-worker-46" daemon [_thread_blocked, id=2488, stack(0x000000f1c4800000,0x000000f1c4900000)]
  0x000002a71ae44bf0 JavaThread "ForkJoinPool.commonPool-worker-48" daemon [_thread_blocked, id=10536, stack(0x000000f1c4b00000,0x000000f1c4c00000)]
  0x000002a71ae46030 JavaThread "ForkJoinPool.commonPool-worker-49" daemon [_thread_blocked, id=2176, stack(0x000000f1c4d00000,0x000000f1c4e00000)]
  0x000002a71ae46540 JavaThread "Worker-56" [_thread_blocked, id=32, stack(0x000000f1c2000000,0x000000f1c2100000)]

Other Threads:
  0x000002a7154dc8c0 VMThread "VM Thread" [stack: 0x000000f1c2400000,0x000000f1c2500000] [id=1204]
  0x000002a71a989d60 WatcherThread [stack: 0x000000f1c3000000,0x000000f1c3100000] [id=13824]
  0x000002a77f742ea0 GCTaskThread "GC Thread#0" [stack: 0x000000f1c2300000,0x000000f1c2400000] [id=1824]
  0x000002a71b24cac0 GCTaskThread "GC Thread#1" [stack: 0x000000f1c3200000,0x000000f1c3300000] [id=7172]
=>0x000002a71b24cd80 GCTaskThread "GC Thread#2" [stack: 0x000000f1c3300000,0x000000f1c3400000] [id=7048]
  0x000002a71b24d040 GCTaskThread "GC Thread#3" [stack: 0x000000f1c3400000,0x000000f1c3500000] [id=9780]

Threads with active compile tasks:

VM state: at safepoint (normal execution)

VM Mutex/Monitor currently owned by a thread:  ([mutex/lock_event])
[0x000002a77f72af30] Threads_lock - owner thread: 0x000002a7154dc8c0
[0x000002a77f72ae10] Heap_lock - owner thread: 0x000002a71d8999c0

Heap address: 0x00000000c0000000, size: 1024 MB, Compressed Oops mode: 32-bit

CDS archive(s) not mapped
Compressed class space mapped at: 0x0000000100000000-0x0000000140000000, reserved size: 1073741824
Narrow klass base: 0x0000000000000000, Narrow klass shift: 3, Narrow klass range: 0x140000000

GC Precious Log:
 CPUs: 4 total, 4 available
 Memory: 16239M
 Large Page Support: Disabled
 NUMA Support: Disabled
 Compressed Oops: Enabled (32-bit)
 Alignments: Space 512K, Generation 512K, Heap 2M
 Heap Min Capacity: 100M
 Heap Initial Capacity: 100M
 Heap Max Capacity: 1G
 Pre-touch: Disabled
 Parallel Workers: 4

Heap:
 PSYoungGen      total 3584K, used 1568K [0x00000000eab00000, 0x00000000eb200000, 0x0000000100000000)
  eden space 1536K, 0% used [0x00000000eab00000,0x00000000eab00000,0x00000000eac80000)
  from space 2048K, 76% used [0x00000000eac80000,0x00000000eae08000,0x00000000eae80000)
  to   space 2560K, 0% used [0x00000000eaf80000,0x00000000eaf80000,0x00000000eb200000)
 ParOldGen       total 160256K, used 159353K [0x00000000c0000000, 0x00000000c9c80000, 0x00000000eab00000)
  object space 160256K, 99% used [0x00000000c0000000,0x00000000c9b9e5c8,0x00000000c9c80000)
 Metaspace       used 100016K, committed 101504K, reserved 1179648K
  class space    used 9669K, committed 10304K, reserved 1048576K

Card table byte_map: [0x000002a77fdc0000,0x000002a77ffd0000] _byte_map_base: 0x000002a77f7c0000

Marking Bits: (ParMarkBitMap*) 0x00007fffa1a2d0b0
 Begin Bits: [0x000002a713150000, 0x000002a714150000)
 End Bits:   [0x000002a714150000, 0x000002a715150000)

Polling page: 0x000002a77f7f0000

Metaspace:

Usage:
  Non-class:     88.23 MB used.
      Class:      9.44 MB used.
       Both:     97.67 MB used.

Virtual space:
  Non-class space:      128.00 MB reserved,      89.06 MB ( 70%) committed,  2 nodes.
      Class space:        1.00 GB reserved,      10.06 MB ( <1%) committed,  1 nodes.
             Both:        1.12 GB reserved,      99.12 MB (  9%) committed. 

Chunk freelists:
   Non-Class:  6.98 MB
       Class:  5.84 MB
        Both:  12.82 MB

MaxMetaspaceSize: unlimited
CompressedClassSpaceSize: 1.00 GB
Initial GC threshold: 21.00 MB
Current GC threshold: 165.00 MB
CDS: off
MetaspaceReclaimPolicy: balanced
 - commit_granule_bytes: 65536.
 - commit_granule_words: 8192.
 - virtual_space_node_default_size: 8388608.
 - enlarge_chunks_in_place: 1.
 - new_chunks_are_fully_committed: 0.
 - uncommit_free_chunks: 1.
 - use_allocation_guard: 0.
 - handle_deallocations: 1.


Internal statistics:

num_allocs_failed_limit: 9.
num_arena_births: 1726.
num_arena_deaths: 712.
num_vsnodes_births: 3.
num_vsnodes_deaths: 0.
num_space_committed: 1593.
num_space_uncommitted: 7.
num_chunks_returned_to_freelist: 923.
num_chunks_taken_from_freelist: 6781.
num_chunk_merges: 309.
num_chunk_splits: 3783.
num_chunks_enlarged: 1914.
num_inconsistent_stats: 0.

CodeHeap 'non-profiled nmethods': size=120000Kb used=35567Kb max_used=35651Kb free=84432Kb
 bounds [0x000002a70bac0000, 0x000002a70dda0000, 0x000002a712ff0000]
CodeHeap 'profiled nmethods': size=120000Kb used=46070Kb max_used=46684Kb free=73929Kb
 bounds [0x000002a703ff0000, 0x000002a706df0000, 0x000002a70b520000]
CodeHeap 'non-nmethods': size=5760Kb used=1423Kb max_used=1499Kb free=4336Kb
 bounds [0x000002a70b520000, 0x000002a70b790000, 0x000002a70bac0000]
 total_blobs=23225 nmethods=22447 adapters=688
 compilation: enabled
              stopped_count=0, restarted_count=0
 full_count=0

Compilation events (20 events):
Event: 10239.878 Thread 0x000002a71a6c3b30 33152       3       java.util.logging.Logger$ConfigurationData::<init> (36 bytes)
Event: 10239.879 Thread 0x000002a71a6c3b30 nmethod 33152 0x000002a70598ef90 code [0x000002a70598f160, 0x000002a70598f5d8]
Event: 10239.879 Thread 0x000002a71a6c3b30 33153       3       java.util.logging.LogManager::drainLoggerRefQueueBounded (48 bytes)
Event: 10239.879 Thread 0x000002a71a6c3b30 nmethod 33153 0x000002a704115c10 code [0x000002a704115e00, 0x000002a7041163f8]
Event: 10553.687 Thread 0x000002a71a6c3b30 33154       3       org.eclipse.core.internal.properties.PropertyBucket::getProperty (18 bytes)
Event: 10553.688 Thread 0x000002a71a6c3b30 nmethod 33154 0x000002a704e6ea90 code [0x000002a704e6ec60, 0x000002a704e6ef98]
Event: 10553.688 Thread 0x000002a71a6c3b30 33155       3       org.eclipse.core.internal.properties.PropertyBucket::getEntry (32 bytes)
Event: 10553.688 Thread 0x000002a71a6c3b30 nmethod 33155 0x000002a704de5090 code [0x000002a704de5280, 0x000002a704de5838]
Event: 10553.697 Thread 0x000002a715501bf0 33156       4       com.google.gson.internal.bind.ObjectTypeAdapter::readTerminal (97 bytes)
Event: 10553.703 Thread 0x000002a715501bf0 nmethod 33156 0x000002a70ccd9f90 code [0x000002a70ccda1c0, 0x000002a70ccda720]
Event: 10553.721 Thread 0x000002a71a6c3b30 33158   !   3       jdk.internal.math.FloatingDecimal::readJavaFormatString (827 bytes)
Event: 10553.728 Thread 0x000002a71a6c3b30 nmethod 33158 0x000002a70673d810 code [0x000002a70673e180, 0x000002a7067447a8]
Event: 10553.728 Thread 0x000002a71a6c3b30 33157       3       jdk.internal.math.FloatingDecimal::parseDouble (10 bytes)
Event: 10553.728 Thread 0x000002a71a6c3b30 nmethod 33157 0x000002a705f18490 code [0x000002a705f18640, 0x000002a705f18818]
Event: 10553.858 Thread 0x000002a71a6c3b30 33159       3       java.util.Collections$UnmodifiableSet::equals (24 bytes)
Event: 10553.858 Thread 0x000002a71a6c3b30 nmethod 33159 0x000002a705f0cd10 code [0x000002a705f0cec0, 0x000002a705f0d128]
Event: 10553.860 Thread 0x000002a715501bf0 33160   !   4       java.util.concurrent.ConcurrentHashMap::clear (176 bytes)
Event: 10553.864 Thread 0x000002a715501bf0 nmethod 33160 0x000002a70c18b490 code [0x000002a70c18b620, 0x000002a70c18ba68]
Event: 10567.187 Thread 0x000002a71a6c3b30 33161  s    3       java.util.logging.Logger::setupResourceInfo (138 bytes)
Event: 10567.188 Thread 0x000002a71a6c3b30 nmethod 33161 0x000002a704194410 code [0x000002a7041947a0, 0x000002a704195e58]

GC Heap History (20 events):
Event: 10604.841 GC heap after
{Heap after GC invocations=19258 (full 475):
 PSYoungGen      total 3584K, used 496K [0x00000000eab00000, 0x00000000eb000000, 0x0000000100000000)
  eden space 3072K, 0% used [0x00000000eab00000,0x00000000eab00000,0x00000000eae00000)
  from space 512K, 96% used [0x00000000eaf80000,0x00000000eaffc030,0x00000000eb000000)
  to   space 1024K, 0% used [0x00000000eae00000,0x00000000eae00000,0x00000000eaf00000)
 ParOldGen       total 160256K, used 150286K [0x00000000c0000000, 0x00000000c9c80000, 0x00000000eab00000)
  object space 160256K, 93% used [0x00000000c0000000,0x00000000c92c3998,0x00000000c9c80000)
 Metaspace       used 100016K, committed 101504K, reserved 1179648K
  class space    used 9669K, committed 10304K, reserved 1048576K
}
Event: 10604.850 GC heap before
{Heap before GC invocations=19259 (full 475):
 PSYoungGen      total 3584K, used 3568K [0x00000000eab00000, 0x00000000eb000000, 0x0000000100000000)
  eden space 3072K, 100% used [0x00000000eab00000,0x00000000eae00000,0x00000000eae00000)
  from space 512K, 96% used [0x00000000eaf80000,0x00000000eaffc030,0x00000000eb000000)
  to   space 1024K, 0% used [0x00000000eae00000,0x00000000eae00000,0x00000000eaf00000)
 ParOldGen       total 160256K, used 150286K [0x00000000c0000000, 0x00000000c9c80000, 0x00000000eab00000)
  object space 160256K, 93% used [0x00000000c0000000,0x00000000c92c3998,0x00000000c9c80000)
 Metaspace       used 100016K, committed 101504K, reserved 1179648K
  class space    used 9669K, committed 10304K, reserved 1048576K
}
Event: 10604.852 GC heap after
{Heap after GC invocations=19259 (full 475):
 PSYoungGen      total 4096K, used 634K [0x00000000eab00000, 0x00000000eb000000, 0x0000000100000000)
  eden space 3072K, 0% used [0x00000000eab00000,0x00000000eab00000,0x00000000eae00000)
  from space 1024K, 61% used [0x00000000eae00000,0x00000000eae9e900,0x00000000eaf00000)
  to   space 1024K, 0% used [0x00000000eaf00000,0x00000000eaf00000,0x00000000eb000000)
 ParOldGen       total 160256K, used 150720K [0x00000000c0000000, 0x00000000c9c80000, 0x00000000eab00000)
  object space 160256K, 94% used [0x00000000c0000000,0x00000000c93302d8,0x00000000c9c80000)
 Metaspace       used 100016K, committed 101504K, reserved 1179648K
  class space    used 9669K, committed 10304K, reserved 1048576K
}
Event: 10604.857 GC heap before
{Heap before GC invocations=19260 (full 475):
 PSYoungGen      total 4096K, used 3706K [0x00000000eab00000, 0x00000000eb000000, 0x0000000100000000)
  eden space 3072K, 100% used [0x00000000eab00000,0x00000000eae00000,0x00000000eae00000)
  from space 1024K, 61% used [0x00000000eae00000,0x00000000eae9e900,0x00000000eaf00000)
  to   space 1024K, 0% used [0x00000000eaf00000,0x00000000eaf00000,0x00000000eb000000)
 ParOldGen       total 160256K, used 150720K [0x00000000c0000000, 0x00000000c9c80000, 0x00000000eab00000)
  object space 160256K, 94% used [0x00000000c0000000,0x00000000c93302d8,0x00000000c9c80000)
 Metaspace       used 100016K, committed 101504K, reserved 1179648K
  class space    used 9669K, committed 10304K, reserved 1048576K
}
Event: 10604.859 GC heap after
{Heap after GC invocations=19260 (full 475):
 PSYoungGen      total 4096K, used 560K [0x00000000eab00000, 0x00000000eb000000, 0x0000000100000000)
  eden space 3072K, 0% used [0x00000000eab00000,0x00000000eab00000,0x00000000eae00000)
  from space 1024K, 54% used [0x00000000eaf00000,0x00000000eaf8c010,0x00000000eb000000)
  to   space 1024K, 0% used [0x00000000eae00000,0x00000000eae00000,0x00000000eaf00000)
 ParOldGen       total 160256K, used 151305K [0x00000000c0000000, 0x00000000c9c80000, 0x00000000eab00000)
  object space 160256K, 94% used [0x00000000c0000000,0x00000000c93c2718,0x00000000c9c80000)
 Metaspace       used 100016K, committed 101504K, reserved 1179648K
  class space    used 9669K, committed 10304K, reserved 1048576K
}
Event: 10604.940 GC heap before
{Heap before GC invocations=19261 (full 475):
 PSYoungGen      total 4096K, used 3632K [0x00000000eab00000, 0x00000000eb000000, 0x0000000100000000)
  eden space 3072K, 100% used [0x00000000eab00000,0x00000000eae00000,0x00000000eae00000)
  from space 1024K, 54% used [0x00000000eaf00000,0x00000000eaf8c010,0x00000000eb000000)
  to   space 1024K, 0% used [0x00000000eae00000,0x00000000eae00000,0x00000000eaf00000)
 ParOldGen       total 160256K, used 151305K [0x00000000c0000000, 0x00000000c9c80000, 0x00000000eab00000)
  object space 160256K, 94% used [0x00000000c0000000,0x00000000c93c2718,0x00000000c9c80000)
 Metaspace       used 100016K, committed 101504K, reserved 1179648K
  class space    used 9669K, committed 10304K, reserved 1048576K
}
Event: 10604.941 GC heap after
{Heap after GC invocations=19261 (full 475):
 PSYoungGen      total 4096K, used 634K [0x00000000eab00000, 0x00000000eb000000, 0x0000000100000000)
  eden space 3072K, 0% used [0x00000000eab00000,0x00000000eab00000,0x00000000eae00000)
  from space 1024K, 61% used [0x00000000eae00000,0x00000000eae9e920,0x00000000eaf00000)
  to   space 1024K, 0% used [0x00000000eaf00000,0x00000000eaf00000,0x00000000eb000000)
 ParOldGen       total 160256K, used 151833K [0x00000000c0000000, 0x00000000c9c80000, 0x00000000eab00000)
  object space 160256K, 94% used [0x00000000c0000000,0x00000000c9446738,0x00000000c9c80000)
 Metaspace       used 100016K, committed 101504K, reserved 1179648K
  class space    used 9669K, committed 10304K, reserved 1048576K
}
Event: 10604.948 GC heap before
{Heap before GC invocations=19262 (full 475):
 PSYoungGen      total 4096K, used 3706K [0x00000000eab00000, 0x00000000eb000000, 0x0000000100000000)
  eden space 3072K, 100% used [0x00000000eab00000,0x00000000eae00000,0x00000000eae00000)
  from space 1024K, 61% used [0x00000000eae00000,0x00000000eae9e920,0x00000000eaf00000)
  to   space 1024K, 0% used [0x00000000eaf00000,0x00000000eaf00000,0x00000000eb000000)
 ParOldGen       total 160256K, used 151833K [0x00000000c0000000, 0x00000000c9c80000, 0x00000000eab00000)
  object space 160256K, 94% used [0x00000000c0000000,0x00000000c9446738,0x00000000c9c80000)
 Metaspace       used 100016K, committed 101504K, reserved 1179648K
  class space    used 9669K, committed 10304K, reserved 1048576K
}
Event: 10604.949 GC heap after
{Heap after GC invocations=19262 (full 475):
 PSYoungGen      total 4096K, used 608K [0x00000000eab00000, 0x00000000eb000000, 0x0000000100000000)
  eden space 3072K, 0% used [0x00000000eab00000,0x00000000eab00000,0x00000000eae00000)
  from space 1024K, 59% used [0x00000000eaf00000,0x00000000eaf98000,0x00000000eb000000)
  to   space 1024K, 0% used [0x00000000eae00000,0x00000000eae00000,0x00000000eaf00000)
 ParOldGen       total 160256K, used 152450K [0x00000000c0000000, 0x00000000c9c80000, 0x00000000eab00000)
  object space 160256K, 95% used [0x00000000c0000000,0x00000000c94e0bb8,0x00000000c9c80000)
 Metaspace       used 100016K, committed 101504K, reserved 1179648K
  class space    used 9669K, committed 10304K, reserved 1048576K
}
Event: 10605.097 GC heap before
{Heap before GC invocations=19263 (full 475):
 PSYoungGen      total 4096K, used 3680K [0x00000000eab00000, 0x00000000eb000000, 0x0000000100000000)
  eden space 3072K, 100% used [0x00000000eab00000,0x00000000eae00000,0x00000000eae00000)
  from space 1024K, 59% used [0x00000000eaf00000,0x00000000eaf98000,0x00000000eb000000)
  to   space 1024K, 0% used [0x00000000eae00000,0x00000000eae00000,0x00000000eaf00000)
 ParOldGen       total 160256K, used 152450K [0x00000000c0000000, 0x00000000c9c80000, 0x00000000eab00000)
  object space 160256K, 95% used [0x00000000c0000000,0x00000000c94e0bb8,0x00000000c9c80000)
 Metaspace       used 100016K, committed 101504K, reserved 1179648K
  class space    used 9669K, committed 10304K, reserved 1048576K
}
Event: 10605.099 GC heap after
{Heap after GC invocations=19263 (full 475):
 PSYoungGen      total 4096K, used 708K [0x00000000eab00000, 0x00000000eb000000, 0x0000000100000000)
  eden space 3072K, 0% used [0x00000000eab00000,0x00000000eab00000,0x00000000eae00000)
  from space 1024K, 69% used [0x00000000eae00000,0x00000000eaeb1230,0x00000000eaf00000)
  to   space 1024K, 0% used [0x00000000eaf00000,0x00000000eaf00000,0x00000000eb000000)
 ParOldGen       total 160256K, used 152970K [0x00000000c0000000, 0x00000000c9c80000, 0x00000000eab00000)
  object space 160256K, 95% used [0x00000000c0000000,0x00000000c9562bb8,0x00000000c9c80000)
 Metaspace       used 100016K, committed 101504K, reserved 1179648K
  class space    used 9669K, committed 10304K, reserved 1048576K
}
Event: 10605.105 GC heap before
{Heap before GC invocations=19264 (full 475):
 PSYoungGen      total 4096K, used 3780K [0x00000000eab00000, 0x00000000eb000000, 0x0000000100000000)
  eden space 3072K, 100% used [0x00000000eab00000,0x00000000eae00000,0x00000000eae00000)
  from space 1024K, 69% used [0x00000000eae00000,0x00000000eaeb1230,0x00000000eaf00000)
  to   space 1024K, 0% used [0x00000000eaf00000,0x00000000eaf00000,0x00000000eb000000)
 ParOldGen       total 160256K, used 152970K [0x00000000c0000000, 0x00000000c9c80000, 0x00000000eab00000)
  object space 160256K, 95% used [0x00000000c0000000,0x00000000c9562bb8,0x00000000c9c80000)
 Metaspace       used 100016K, committed 101504K, reserved 1179648K
  class space    used 9669K, committed 10304K, reserved 1048576K
}
Event: 10605.106 GC heap after
{Heap after GC invocations=19264 (full 475):
 PSYoungGen      total 4096K, used 628K [0x00000000eab00000, 0x00000000eb000000, 0x0000000100000000)
  eden space 3072K, 0% used [0x00000000eab00000,0x00000000eab00000,0x00000000eae00000)
  from space 1024K, 61% used [0x00000000eaf00000,0x00000000eaf9d200,0x00000000eb000000)
  to   space 1024K, 0% used [0x00000000eae00000,0x00000000eae00000,0x00000000eaf00000)
 ParOldGen       total 160256K, used 153615K [0x00000000c0000000, 0x00000000c9c80000, 0x00000000eab00000)
  object space 160256K, 95% used [0x00000000c0000000,0x00000000c9603df8,0x00000000c9c80000)
 Metaspace       used 100016K, committed 101504K, reserved 1179648K
  class space    used 9669K, committed 10304K, reserved 1048576K
}
Event: 10605.111 GC heap before
{Heap before GC invocations=19265 (full 475):
 PSYoungGen      total 4096K, used 3700K [0x00000000eab00000, 0x00000000eb000000, 0x0000000100000000)
  eden space 3072K, 99% used [0x00000000eab00000,0x00000000eadfffd0,0x00000000eae00000)
  from space 1024K, 61% used [0x00000000eaf00000,0x00000000eaf9d200,0x00000000eb000000)
  to   space 1024K, 0% used [0x00000000eae00000,0x00000000eae00000,0x00000000eaf00000)
 ParOldGen       total 160256K, used 153615K [0x00000000c0000000, 0x00000000c9c80000, 0x00000000eab00000)
  object space 160256K, 95% used [0x00000000c0000000,0x00000000c9603df8,0x00000000c9c80000)
 Metaspace       used 100016K, committed 101504K, reserved 1179648K
  class space    used 9669K, committed 10304K, reserved 1048576K
}
Event: 10605.113 GC heap after
{Heap after GC invocations=19265 (full 475):
 PSYoungGen      total 4096K, used 1005K [0x00000000eab00000, 0x00000000eb400000, 0x0000000100000000)
  eden space 3072K, 0% used [0x00000000eab00000,0x00000000eab00000,0x00000000eae00000)
  from space 1024K, 98% used [0x00000000eae00000,0x00000000eaefb5d0,0x00000000eaf00000)
  to   space 3072K, 0% used [0x00000000eb100000,0x00000000eb100000,0x00000000eb400000)
 ParOldGen       total 160256K, used 155243K [0x00000000c0000000, 0x00000000c9c80000, 0x00000000eab00000)
  object space 160256K, 96% used [0x00000000c0000000,0x00000000c979aff8,0x00000000c9c80000)
 Metaspace       used 100016K, committed 101504K, reserved 1179648K
  class space    used 9669K, committed 10304K, reserved 1048576K
}
Event: 10605.118 GC heap before
{Heap before GC invocations=19266 (full 475):
 PSYoungGen      total 4096K, used 4077K [0x00000000eab00000, 0x00000000eb400000, 0x0000000100000000)
  eden space 3072K, 100% used [0x00000000eab00000,0x00000000eae00000,0x00000000eae00000)
  from space 1024K, 98% used [0x00000000eae00000,0x00000000eaefb5d0,0x00000000eaf00000)
  to   space 3072K, 0% used [0x00000000eb100000,0x00000000eb100000,0x00000000eb400000)
 ParOldGen       total 160256K, used 155243K [0x00000000c0000000, 0x00000000c9c80000, 0x00000000eab00000)
  object space 160256K, 96% used [0x00000000c0000000,0x00000000c979aff8,0x00000000c9c80000)
 Metaspace       used 100016K, committed 101504K, reserved 1179648K
  class space    used 9669K, committed 10304K, reserved 1048576K
}
Event: 10605.120 GC heap after
{Heap after GC invocations=19266 (full 475):
 PSYoungGen      total 4608K, used 3072K [0x00000000eab00000, 0x00000000eb700000, 0x0000000100000000)
  eden space 1536K, 0% used [0x00000000eab00000,0x00000000eab00000,0x00000000eac80000)
  from space 3072K, 100% used [0x00000000eb100000,0x00000000eb400000,0x00000000eb400000)
  to   space 4608K, 0% used [0x00000000eac80000,0x00000000eac80000,0x00000000eb100000)
 ParOldGen       total 160256K, used 156281K [0x00000000c0000000, 0x00000000c9c80000, 0x00000000eab00000)
  object space 160256K, 97% used [0x00000000c0000000,0x00000000c989e5c8,0x00000000c9c80000)
 Metaspace       used 100016K, committed 101504K, reserved 1179648K
  class space    used 9669K, committed 10304K, reserved 1048576K
}
Event: 10605.123 GC heap before
{Heap before GC invocations=19267 (full 475):
 PSYoungGen      total 4608K, used 4608K [0x00000000eab00000, 0x00000000eb700000, 0x0000000100000000)
  eden space 1536K, 100% used [0x00000000eab00000,0x00000000eac80000,0x00000000eac80000)
  from space 3072K, 100% used [0x00000000eb100000,0x00000000eb400000,0x00000000eb400000)
  to   space 4608K, 0% used [0x00000000eac80000,0x00000000eac80000,0x00000000eb100000)
 ParOldGen       total 160256K, used 156281K [0x00000000c0000000, 0x00000000c9c80000, 0x00000000eab00000)
  object space 160256K, 97% used [0x00000000c0000000,0x00000000c989e5c8,0x00000000c9c80000)
 Metaspace       used 100016K, committed 101504K, reserved 1179648K
  class space    used 9669K, committed 10304K, reserved 1048576K
}
Event: 10605.128 GC heap after
{Heap after GC invocations=19267 (full 475):
 PSYoungGen      total 3584K, used 1568K [0x00000000eab00000, 0x00000000eb200000, 0x0000000100000000)
  eden space 1536K, 0% used [0x00000000eab00000,0x00000000eab00000,0x00000000eac80000)
  from space 2048K, 76% used [0x00000000eac80000,0x00000000eae08000,0x00000000eae80000)
  to   space 2560K, 0% used [0x00000000eaf80000,0x00000000eaf80000,0x00000000eb200000)
 ParOldGen       total 160256K, used 159353K [0x00000000c0000000, 0x00000000c9c80000, 0x00000000eab00000)
  object space 160256K, 99% used [0x00000000c0000000,0x00000000c9b9e5c8,0x00000000c9c80000)
 Metaspace       used 100016K, committed 101504K, reserved 1179648K
  class space    used 9669K, committed 10304K, reserved 1048576K
}
Event: 10605.128 GC heap before
{Heap before GC invocations=19268 (full 476):
 PSYoungGen      total 3584K, used 1568K [0x00000000eab00000, 0x00000000eb200000, 0x0000000100000000)
  eden space 1536K, 0% used [0x00000000eab00000,0x00000000eab00000,0x00000000eac80000)
  from space 2048K, 76% used [0x00000000eac80000,0x00000000eae08000,0x00000000eae80000)
  to   space 2560K, 0% used [0x00000000eaf80000,0x00000000eaf80000,0x00000000eb200000)
 ParOldGen       total 160256K, used 159353K [0x00000000c0000000, 0x00000000c9c80000, 0x00000000eab00000)
  object space 160256K, 99% used [0x00000000c0000000,0x00000000c9b9e5c8,0x00000000c9c80000)
 Metaspace       used 100016K, committed 101504K, reserved 1179648K
  class space    used 9669K, committed 10304K, reserved 1048576K
}

Dll operation events (10 events):
Event: 0.014 Loaded shared library c:\Users\Apoorv_Shandilya\.vscode\extensions\redhat.java-1.26.0-win32-x64\jre\17.0.9-win32-x86_64\bin\java.dll
Event: 0.278 Loaded shared library c:\Users\Apoorv_Shandilya\.vscode\extensions\redhat.java-1.26.0-win32-x64\jre\17.0.9-win32-x86_64\bin\zip.dll
Event: 0.281 Loaded shared library C:\Users\Apoorv_Shandilya\.vscode\extensions\redhat.java-1.26.0-win32-x64\jre\17.0.9-win32-x86_64\bin\instrument.dll
Event: 0.300 Loaded shared library C:\Users\Apoorv_Shandilya\.vscode\extensions\redhat.java-1.26.0-win32-x64\jre\17.0.9-win32-x86_64\bin\net.dll
Event: 0.302 Loaded shared library C:\Users\Apoorv_Shandilya\.vscode\extensions\redhat.java-1.26.0-win32-x64\jre\17.0.9-win32-x86_64\bin\nio.dll
Event: 0.317 Loaded shared library C:\Users\Apoorv_Shandilya\.vscode\extensions\redhat.java-1.26.0-win32-x64\jre\17.0.9-win32-x86_64\bin\zip.dll
Event: 0.337 Loaded shared library C:\Users\Apoorv_Shandilya\.vscode\extensions\redhat.java-1.26.0-win32-x64\jre\17.0.9-win32-x86_64\bin\jimage.dll
Event: 0.402 Loaded shared library c:\Users\Apoorv_Shandilya\.vscode\extensions\redhat.java-1.26.0-win32-x64\jre\17.0.9-win32-x86_64\bin\verify.dll
Event: 1.819 Loaded shared library C:\Users\Apoorv_Shandilya\AppData\Roaming\Code\User\globalStorage\redhat.java\1.26.0\config_win\org.eclipse.equinox.launcher\org.eclipse.equinox.launcher.win32.win32.x86_64_1.2.800.v20231003-1442\eclipse_11802.dll
Event: 6.763 Loaded shared library C:\Users\Apoorv_Shandilya\AppData\Local\Temp\jna--1206427295\jna13761011336861559895.dll

Deoptimization events (20 events):
Event: 10138.433 Thread 0x000002a71bd0d860 DEOPT PACKING pc=0x000002a70bf63ac4 sp=0x000000f1c48fe950
Event: 10138.433 Thread 0x000002a71bd0d860 DEOPT UNPACKING pc=0x000002a70b5766a3 sp=0x000000f1c48fe8f8 mode 2
Event: 10141.134 Thread 0x000002a71bd0d860 DEOPT PACKING pc=0x000002a70632918f sp=0x000000f1c48feaf0
Event: 10141.134 Thread 0x000002a71bd0d860 DEOPT UNPACKING pc=0x000002a70b576e43 sp=0x000000f1c48fdfe0 mode 0
Event: 10157.680 Thread 0x000002a71d89cc60 Uncommon trap: trap_request=0xffffff45 fr.pc=0x000002a70d74ca90 relative=0x0000000000001f70
Event: 10157.680 Thread 0x000002a71d89cc60 Uncommon trap: reason=unstable_if action=reinterpret pc=0x000002a70d74ca90 method=org.eclipse.jdt.core.dom.DefaultBindingResolver.resolveWellKnownType(Ljava/lang/String;)Lorg/eclipse/jdt/core/dom/ITypeBinding; @ 389 c2
Event: 10157.680 Thread 0x000002a71d89cc60 DEOPT PACKING pc=0x000002a70d74ca90 sp=0x000000f1c21fe880
Event: 10157.681 Thread 0x000002a71d89cc60 DEOPT UNPACKING pc=0x000002a70b5766a3 sp=0x000000f1c21fe850 mode 2
Event: 10171.278 Thread 0x000002a71ae4a200 Uncommon trap: trap_request=0xffffffcc fr.pc=0x000002a70d082ebc relative=0x000000000000037c
Event: 10171.278 Thread 0x000002a71ae4a200 Uncommon trap: reason=intrinsic_or_type_checked_inlining action=make_not_entrant pc=0x000002a70d082ebc method=org.eclipse.jdt.internal.compiler.parser.Parser.consumeClassHeaderImplements()V @ 61 c2
Event: 10171.278 Thread 0x000002a71ae4a200 DEOPT PACKING pc=0x000002a70d082ebc sp=0x000000f1c49fe630
Event: 10171.278 Thread 0x000002a71ae4a200 DEOPT UNPACKING pc=0x000002a70b5766a3 sp=0x000000f1c49fe5b8 mode 2
Event: 10178.021 Thread 0x000002a71d6ea630 DEOPT PACKING pc=0x000002a70632918f sp=0x000000f1c46fe320
Event: 10178.021 Thread 0x000002a71d6ea630 DEOPT UNPACKING pc=0x000002a70b576e43 sp=0x000000f1c46fd808 mode 0
Event: 10194.283 Thread 0x000002a71d89cc60 DEOPT PACKING pc=0x000002a7064e226c sp=0x000000f1c21fd9e0
Event: 10194.283 Thread 0x000002a71d89cc60 DEOPT UNPACKING pc=0x000002a70b576e43 sp=0x000000f1c21fce18 mode 0
Event: 10202.541 Thread 0x000002a71d89e5b0 DEOPT PACKING pc=0x000002a70632918f sp=0x000000f1c3efe700
Event: 10202.541 Thread 0x000002a71d89e5b0 DEOPT UNPACKING pc=0x000002a70b576e43 sp=0x000000f1c3efdbe8 mode 0
Event: 10553.860 Thread 0x000002a71ae46540 DEOPT PACKING pc=0x000002a7058f2b9d sp=0x000000f1c20fda80
Event: 10553.860 Thread 0x000002a71ae46540 DEOPT UNPACKING pc=0x000002a70b576e43 sp=0x000000f1c20fcf20 mode 0

Classes unloaded (20 events):
Event: 7697.728 Thread 0x000002a7154dc8c0 Unloading class 0x000000010021e800 'java/lang/invoke/LambdaForm$MH+0x000000010021e800'
Event: 9389.572 Thread 0x000002a7154dc8c0 Unloading class 0x00000001002dac00 'java/lang/invoke/LambdaForm$MH+0x00000001002dac00'
Event: 9389.572 Thread 0x000002a7154dc8c0 Unloading class 0x00000001002da800 'java/lang/invoke/LambdaForm$MH+0x00000001002da800'
Event: 9389.572 Thread 0x000002a7154dc8c0 Unloading class 0x00000001002ccc00 'java/lang/invoke/LambdaForm$MH+0x00000001002ccc00'
Event: 9389.572 Thread 0x000002a7154dc8c0 Unloading class 0x00000001002cc800 'java/lang/invoke/LambdaForm$MH+0x00000001002cc800'
Event: 9389.572 Thread 0x000002a7154dc8c0 Unloading class 0x0000000100198c00 'java/lang/invoke/LambdaForm$MH+0x0000000100198c00'
Event: 9389.572 Thread 0x000002a7154dc8c0 Unloading class 0x0000000100198800 'java/lang/invoke/LambdaForm$MH+0x0000000100198800'
Event: 9389.572 Thread 0x000002a7154dc8c0 Unloading class 0x000000010077d400 'java/lang/invoke/LambdaForm$MH+0x000000010077d400'
Event: 9389.572 Thread 0x000002a7154dc8c0 Unloading class 0x000000010077d000 'java/lang/invoke/LambdaForm$MH+0x000000010077d000'
Event: 9855.694 Thread 0x000002a7154dc8c0 Unloading class 0x0000000100711800 'java/lang/invoke/LambdaForm$MH+0x0000000100711800'
Event: 9855.694 Thread 0x000002a7154dc8c0 Unloading class 0x0000000100820c00 'java/lang/invoke/LambdaForm$MH+0x0000000100820c00'
Event: 9855.694 Thread 0x000002a7154dc8c0 Unloading class 0x00000001009b9000 'java/lang/invoke/LambdaForm$MH+0x00000001009b9000'
Event: 9855.694 Thread 0x000002a7154dc8c0 Unloading class 0x00000001009bac00 'java/lang/invoke/LambdaForm$MH+0x00000001009bac00'
Event: 9855.694 Thread 0x000002a7154dc8c0 Unloading class 0x0000000100199400 'java/lang/invoke/LambdaForm$MH+0x0000000100199400'
Event: 10237.570 Thread 0x000002a7154dc8c0 Unloading class 0x0000000100a29400 'java/lang/invoke/LambdaForm$MH+0x0000000100a29400'
Event: 10237.570 Thread 0x000002a7154dc8c0 Unloading class 0x0000000100a29000 'java/lang/invoke/LambdaForm$MH+0x0000000100a29000'
Event: 10237.570 Thread 0x000002a7154dc8c0 Unloading class 0x0000000100a28c00 'java/lang/invoke/LambdaForm$MH+0x0000000100a28c00'
Event: 10237.570 Thread 0x000002a7154dc8c0 Unloading class 0x0000000100a28800 'java/lang/invoke/LambdaForm$MH+0x0000000100a28800'
Event: 10237.570 Thread 0x000002a7154dc8c0 Unloading class 0x0000000100a28400 'java/lang/invoke/LambdaForm$MH+0x0000000100a28400'
Event: 10237.570 Thread 0x000002a7154dc8c0 Unloading class 0x0000000100a28000 'java/lang/invoke/LambdaForm$MH+0x0000000100a28000'

Classes redefined (0 events):
No events

Internal exceptions (20 events):
Event: 9846.136 Thread 0x000002a71bd08c70 Exception <a 'java/lang/ClassNotFoundException'{0x00000000eafd7df0}: sun/net/www/protocol/eclipse-javadoc/Handler> (0x00000000eafd7df0) 
thrown [s\src\hotspot\share\classfile\systemDictionary.cpp, line 256]
Event: 9847.397 Thread 0x000002a71bd08c70 Exception <a 'java/lang/ClassNotFoundException'{0x00000000eaee15a0}: sun/net/www/protocol/jdt/Handler> (0x00000000eaee15a0) 
thrown [s\src\hotspot\share\classfile\systemDictionary.cpp, line 256]
Event: 9847.397 Thread 0x000002a71bd08c70 Exception <a 'java/lang/ClassNotFoundException'{0x00000000eaee39e8}: sun/net/www/protocol/jdt/Handler> (0x00000000eaee39e8) 
thrown [s\src\hotspot\share\classfile\systemDictionary.cpp, line 256]
Event: 9847.397 Thread 0x000002a71bd08c70 Exception <a 'java/lang/ClassNotFoundException'{0x00000000eaee79a0}: sun/net/www/protocol/jdt/Handler> (0x00000000eaee79a0) 
thrown [s\src\hotspot\share\classfile\systemDictionary.cpp, line 256]
Event: 9848.331 Thread 0x000002a71bd08c70 Exception <a 'java/lang/ClassNotFoundException'{0x00000000eb747d60}: sun/net/www/protocol/jdt/Handler> (0x00000000eb747d60) 
thrown [s\src\hotspot\share\classfile\systemDictionary.cpp, line 256]
Event: 9896.936 Thread 0x000002a71bd08c70 Exception <a 'java/lang/ClassNotFoundException'{0x00000000eafa2d38}: sun/net/www/protocol/jdt/Handler> (0x00000000eafa2d38) 
thrown [s\src\hotspot\share\classfile\systemDictionary.cpp, line 256]
Event: 9898.209 Thread 0x000002a71ae497e0 Implicit null exception at 0x000002a70d8dcc39 to 0x000002a70d8dd8e4
Event: 10021.930 Thread 0x000002a71ae497e0 Exception <a 'java/lang/ClassNotFoundException'{0x00000000eab16c48}: sun/net/www/protocol/jdt/Handler> (0x00000000eab16c48) 
thrown [s\src\hotspot\share\classfile\systemDictionary.cpp, line 256]
Event: 10021.930 Thread 0x000002a71ae497e0 Exception <a 'java/lang/ClassNotFoundException'{0x00000000eab19148}: sun/net/www/protocol/jdt/Handler> (0x00000000eab19148) 
thrown [s\src\hotspot\share\classfile\systemDictionary.cpp, line 256]
Event: 10021.930 Thread 0x000002a71ae497e0 Exception <a 'java/lang/ClassNotFoundException'{0x00000000eab1b480}: sun/net/www/protocol/jdt/Handler> (0x00000000eab1b480) 
thrown [s\src\hotspot\share\classfile\systemDictionary.cpp, line 256]
Event: 10039.228 Thread 0x000002a71bd0d860 Exception <a 'java/lang/ClassNotFoundException'{0x00000000eab14688}: sun/net/www/protocol/jdt/Handler> (0x00000000eab14688) 
thrown [s\src\hotspot\share\classfile\systemDictionary.cpp, line 256]
Event: 10039.555 Thread 0x000002a71bd0d860 Exception <a 'java/lang/ClassNotFoundException'{0x00000000eabe4890}: sun/net/www/protocol/jdt/Handler> (0x00000000eabe4890) 
thrown [s\src\hotspot\share\classfile\systemDictionary.cpp, line 256]
Event: 10071.302 Thread 0x000002a71bd08c70 Exception <a 'java/lang/ClassNotFoundException'{0x00000000eaf6f638}: sun/net/www/protocol/jdt/Handler> (0x00000000eaf6f638) 
thrown [s\src\hotspot\share\classfile\systemDictionary.cpp, line 256]
Event: 10071.303 Thread 0x000002a71bd08c70 Exception <a 'java/lang/ClassNotFoundException'{0x00000000eaf71738}: sun/net/www/protocol/jdt/Handler> (0x00000000eaf71738) 
thrown [s\src\hotspot\share\classfile\systemDictionary.cpp, line 256]
Event: 10091.464 Thread 0x000002a71d89cc60 Implicit null exception at 0x000002a70cdc82a5 to 0x000002a70cdc9da4
Event: 10091.464 Thread 0x000002a71d89cc60 Implicit null exception at 0x000002a70cc48a7e to 0x000002a70cc49ce4
Event: 10129.470 Thread 0x000002a71bd08c70 Exception <a 'java/lang/ClassNotFoundException'{0x00000000ead8a790}: sun/net/www/protocol/jdt/Handler> (0x00000000ead8a790) 
thrown [s\src\hotspot\share\classfile\systemDictionary.cpp, line 256]
Event: 10129.470 Thread 0x000002a71bd08c70 Exception <a 'java/lang/ClassNotFoundException'{0x00000000ead8c890}: sun/net/www/protocol/jdt/Handler> (0x00000000ead8c890) 
thrown [s\src\hotspot\share\classfile\systemDictionary.cpp, line 256]
Event: 10178.080 Thread 0x000002a71bd08c70 Exception <a 'java/lang/ClassNotFoundException'{0x00000000ead69810}: sun/net/www/protocol/jdt/Handler> (0x00000000ead69810) 
thrown [s\src\hotspot\share\classfile\systemDictionary.cpp, line 256]
Event: 10178.080 Thread 0x000002a71bd08c70 Exception <a 'java/lang/ClassNotFoundException'{0x00000000ead6b910}: sun/net/www/protocol/jdt/Handler> (0x00000000ead6b910) 
thrown [s\src\hotspot\share\classfile\systemDictionary.cpp, line 256]

VM Operations (20 events):
Event: 10604.835 Executing VM operation: ParallelGCFailedAllocation done
Event: 10604.840 Executing VM operation: ParallelGCFailedAllocation
Event: 10604.841 Executing VM operation: ParallelGCFailedAllocation done
Event: 10604.850 Executing VM operation: ParallelGCFailedAllocation
Event: 10604.852 Executing VM operation: ParallelGCFailedAllocation done
Event: 10604.857 Executing VM operation: ParallelGCFailedAllocation
Event: 10604.859 Executing VM operation: ParallelGCFailedAllocation done
Event: 10604.940 Executing VM operation: ParallelGCFailedAllocation
Event: 10604.941 Executing VM operation: ParallelGCFailedAllocation done
Event: 10604.948 Executing VM operation: ParallelGCFailedAllocation
Event: 10604.950 Executing VM operation: ParallelGCFailedAllocation done
Event: 10605.097 Executing VM operation: ParallelGCFailedAllocation
Event: 10605.099 Executing VM operation: ParallelGCFailedAllocation done
Event: 10605.105 Executing VM operation: ParallelGCFailedAllocation
Event: 10605.106 Executing VM operation: ParallelGCFailedAllocation done
Event: 10605.111 Executing VM operation: ParallelGCFailedAllocation
Event: 10605.113 Executing VM operation: ParallelGCFailedAllocation done
Event: 10605.118 Executing VM operation: ParallelGCFailedAllocation
Event: 10605.120 Executing VM operation: ParallelGCFailedAllocation done
Event: 10605.123 Executing VM operation: ParallelGCFailedAllocation

Events (20 events):
Event: 10194.656 Thread 0x000002a71a6c6800 flushing nmethod 0x000002a7064ca610
Event: 10194.657 Thread 0x000002a71a6c6800 flushing nmethod 0x000002a706578f90
Event: 10194.657 Thread 0x000002a71a6c6800 flushing nmethod 0x000002a7066afb90
Event: 10194.657 Thread 0x000002a71a6c6800 flushing nmethod 0x000002a706730690
Event: 10194.658 Thread 0x000002a71a6c6800 flushing nmethod 0x000002a70673ae90
Event: 10194.658 Thread 0x000002a71a6c6800 flushing nmethod 0x000002a70673d210
Event: 10194.658 Thread 0x000002a71a6c6800 flushing nmethod 0x000002a706754c10
Event: 10194.658 Thread 0x000002a71a6c6800 flushing nmethod 0x000002a7067a1490
Event: 10194.658 Thread 0x000002a71a6c6800 flushing nmethod 0x000002a70684f410
Event: 10194.660 Thread 0x000002a71a6c6800 flushing nmethod 0x000002a706b68c90
Event: 10194.660 Thread 0x000002a71a6c6800 flushing nmethod 0x000002a706cef510
Event: 10194.660 Thread 0x000002a71a6c6800 flushing nmethod 0x000002a706d4f410
Event: 10225.947 Thread 0x000002a71ae44bf0 Thread added: 0x000002a71ae44bf0
Event: 10237.707 Thread 0x000002a71ae46030 Thread added: 0x000002a71ae46030
Event: 10247.390 Thread 0x000002a71bd08c70 Thread exited: 0x000002a71bd08c70
Event: 10290.722 Thread 0x000002a71bd0d350 Thread exited: 0x000002a71bd0d350
Event: 10290.722 Thread 0x000002a71d8994b0 Thread exited: 0x000002a71d8994b0
Event: 10290.754 Thread 0x000002a71ae4a200 Thread exited: 0x000002a71ae4a200
Event: 10297.755 Thread 0x000002a71ae437b0 Thread exited: 0x000002a71ae437b0
Event: 10553.687 Thread 0x000002a71ae46540 Thread added: 0x000002a71ae46540


Dynamic libraries:
0x00007ff74e670000 - 0x00007ff74e67e000 	c:\Users\Apoorv_Shandilya\.vscode\extensions\redhat.java-1.26.0-win32-x64\jre\17.0.9-win32-x86_64\bin\java.exe
0x00007ff81fa50000 - 0x00007ff81fc48000 	C:\Windows\SYSTEM32\ntdll.dll
0x00007ff81deb0000 - 0x00007ff81df6d000 	C:\Windows\System32\KERNEL32.DLL
0x00007ff81d6f0000 - 0x00007ff81d9e6000 	C:\Windows\System32\KERNELBASE.dll
0x00007ff81d0f0000 - 0x00007ff81d1f0000 	C:\Windows\System32\ucrtbase.dll
0x00007ff80b2f0000 - 0x00007ff80b307000 	c:\Users\Apoorv_Shandilya\.vscode\extensions\redhat.java-1.26.0-win32-x64\jre\17.0.9-win32-x86_64\bin\jli.dll
0x00007ff81ea80000 - 0x00007ff81ec1e000 	C:\Windows\System32\USER32.dll
0x00007ff81d5c0000 - 0x00007ff81d5e2000 	C:\Windows\System32\win32u.dll
0x00007ff81e440000 - 0x00007ff81e46c000 	C:\Windows\System32\GDI32.dll
0x00007ff81d1f0000 - 0x00007ff81d30a000 	C:\Windows\System32\gdi32full.dll
0x00007ff81d310000 - 0x00007ff81d3ad000 	C:\Windows\System32\msvcp_win.dll
0x00007ff808d50000 - 0x00007ff808d6b000 	c:\Users\Apoorv_Shandilya\.vscode\extensions\redhat.java-1.26.0-win32-x64\jre\17.0.9-win32-x86_64\bin\VCRUNTIME140.dll
0x00007ff804610000 - 0x00007ff8048aa000 	C:\Windows\WinSxS\amd64_microsoft.windows.common-controls_6595b64144ccf1df_6.0.19041.3636_none_60b6a03d71f818d5\COMCTL32.dll
0x00007ff81e3a0000 - 0x00007ff81e43e000 	C:\Windows\System32\msvcrt.dll
0x00007ff81e2c0000 - 0x00007ff81e2f0000 	C:\Windows\System32\IMM32.DLL
0x00007ff80d650000 - 0x00007ff80d65c000 	c:\Users\Apoorv_Shandilya\.vscode\extensions\redhat.java-1.26.0-win32-x64\jre\17.0.9-win32-x86_64\bin\vcruntime140_1.dll
0x00007fffc60f0000 - 0x00007fffc617d000 	c:\Users\Apoorv_Shandilya\.vscode\extensions\redhat.java-1.26.0-win32-x64\jre\17.0.9-win32-x86_64\bin\msvcp140.dll
0x00007fffa0e90000 - 0x00007fffa1af1000 	c:\Users\Apoorv_Shandilya\.vscode\extensions\redhat.java-1.26.0-win32-x64\jre\17.0.9-win32-x86_64\bin\server\jvm.dll
0x00007ff81f850000 - 0x00007ff81f903000 	C:\Windows\System32\ADVAPI32.dll
0x00007ff81e1c0000 - 0x00007ff81e25f000 	C:\Windows\System32\sechost.dll
0x00007ff81f720000 - 0x00007ff81f846000 	C:\Windows\System32\RPCRT4.dll
0x00007ff81da40000 - 0x00007ff81da67000 	C:\Windows\System32\bcrypt.dll
0x00007ff81cf50000 - 0x00007ff81cf9b000 	C:\Windows\SYSTEM32\POWRPROF.dll
0x00007ff807a20000 - 0x00007ff807a29000 	C:\Windows\SYSTEM32\WSOCK32.dll
0x00007ff81e490000 - 0x00007ff81e4fb000 	C:\Windows\System32\WS2_32.dll
0x00007ff8055c0000 - 0x00007ff8055e7000 	C:\Windows\SYSTEM32\WINMM.dll
0x00007ff811070000 - 0x00007ff81107a000 	C:\Windows\SYSTEM32\VERSION.dll
0x00007ff81cf30000 - 0x00007ff81cf42000 	C:\Windows\SYSTEM32\UMPDC.dll
0x00007ff81afc0000 - 0x00007ff81afd2000 	C:\Windows\SYSTEM32\kernel.appcore.dll
0x00007ff80a570000 - 0x00007ff80a57a000 	c:\Users\Apoorv_Shandilya\.vscode\extensions\redhat.java-1.26.0-win32-x64\jre\17.0.9-win32-x86_64\bin\jimage.dll
0x00007ff80c180000 - 0x00007ff80c364000 	C:\Windows\SYSTEM32\DBGHELP.DLL
0x00007ff80bf60000 - 0x00007ff80bf94000 	C:\Windows\SYSTEM32\dbgcore.DLL
0x00007ff81d660000 - 0x00007ff81d6e2000 	C:\Windows\System32\bcryptPrimitives.dll
0x00007ff80a2b0000 - 0x00007ff80a2be000 	c:\Users\Apoorv_Shandilya\.vscode\extensions\redhat.java-1.26.0-win32-x64\jre\17.0.9-win32-x86_64\bin\instrument.dll
0x00007fffee5e0000 - 0x00007fffee605000 	c:\Users\Apoorv_Shandilya\.vscode\extensions\redhat.java-1.26.0-win32-x64\jre\17.0.9-win32-x86_64\bin\java.dll
0x00007ff807a30000 - 0x00007ff807a48000 	c:\Users\Apoorv_Shandilya\.vscode\extensions\redhat.java-1.26.0-win32-x64\jre\17.0.9-win32-x86_64\bin\zip.dll
0x00007ff81ed90000 - 0x00007ff81f4d5000 	C:\Windows\System32\SHELL32.dll
0x00007ff81b1c0000 - 0x00007ff81b95b000 	C:\Windows\SYSTEM32\windows.storage.dll
0x00007ff81db50000 - 0x00007ff81dea4000 	C:\Windows\System32\combase.dll
0x00007ff81ca50000 - 0x00007ff81ca7d000 	C:\Windows\SYSTEM32\Wldp.dll
0x00007ff81e970000 - 0x00007ff81ea1d000 	C:\Windows\System32\SHCORE.dll
0x00007ff81daf0000 - 0x00007ff81db45000 	C:\Windows\System32\shlwapi.dll
0x00007ff81d020000 - 0x00007ff81d045000 	C:\Windows\SYSTEM32\profapi.dll
0x00007ff807a00000 - 0x00007ff807a19000 	C:\Users\Apoorv_Shandilya\.vscode\extensions\redhat.java-1.26.0-win32-x64\jre\17.0.9-win32-x86_64\bin\net.dll
0x00007ff8172f0000 - 0x00007ff8173fa000 	C:\Windows\SYSTEM32\WINHTTP.dll
0x00007ff81c7b0000 - 0x00007ff81c81a000 	C:\Windows\system32\mswsock.dll
0x00007fffee5c0000 - 0x00007fffee5d6000 	C:\Users\Apoorv_Shandilya\.vscode\extensions\redhat.java-1.26.0-win32-x64\jre\17.0.9-win32-x86_64\bin\nio.dll
0x00007ff809a20000 - 0x00007ff809a30000 	c:\Users\Apoorv_Shandilya\.vscode\extensions\redhat.java-1.26.0-win32-x64\jre\17.0.9-win32-x86_64\bin\verify.dll
0x00007fffd86c0000 - 0x00007fffd86fe000 	C:\Users\Apoorv_Shandilya\AppData\Roaming\Code\User\globalStorage\redhat.java\1.26.0\config_win\org.eclipse.equinox.launcher\org.eclipse.equinox.launcher.win32.win32.x86_64_1.2.800.v20231003-1442\eclipse_11802.dll
0x00007ff81df70000 - 0x00007ff81e09b000 	C:\Windows\System32\ole32.dll
0x00007ff81c9b0000 - 0x00007ff81c9c8000 	C:\Windows\SYSTEM32\CRYPTSP.dll
0x00007ff81c0e0000 - 0x00007ff81c114000 	C:\Windows\system32\rsaenh.dll
0x00007ff81cfa0000 - 0x00007ff81cfce000 	C:\Windows\SYSTEM32\USERENV.dll
0x00007ff81c9a0000 - 0x00007ff81c9ac000 	C:\Windows\SYSTEM32\CRYPTBASE.dll
0x00007ff81c4a0000 - 0x00007ff81c4db000 	C:\Windows\SYSTEM32\IPHLPAPI.DLL
0x00007ff81e470000 - 0x00007ff81e478000 	C:\Windows\System32\NSI.dll
0x00007ff817470000 - 0x00007ff817487000 	C:\Windows\SYSTEM32\dhcpcsvc6.DLL
0x00007ff817080000 - 0x00007ff81709d000 	C:\Windows\SYSTEM32\dhcpcsvc.DLL
0x00007ff81c4e0000 - 0x00007ff81c5aa000 	C:\Windows\SYSTEM32\DNSAPI.dll
0x00007fffd0730000 - 0x00007fffd0775000 	C:\Users\Apoorv_Shandilya\AppData\Local\Temp\jna--1206427295\jna13761011336861559895.dll
0x00007ff81f6b0000 - 0x00007ff81f6b8000 	C:\Windows\System32\PSAPI.DLL

dbghelp: loaded successfully - version: 4.0.5 - missing functions: none
symbol engine: initialized successfully - sym options: 0x614 - pdb path: .;c:\Users\Apoorv_Shandilya\.vscode\extensions\redhat.java-1.26.0-win32-x64\jre\17.0.9-win32-x86_64\bin;C:\Windows\SYSTEM32;C:\Windows\WinSxS\amd64_microsoft.windows.common-controls_6595b64144ccf1df_6.0.19041.3636_none_60b6a03d71f818d5;c:\Users\Apoorv_Shandilya\.vscode\extensions\redhat.java-1.26.0-win32-x64\jre\17.0.9-win32-x86_64\bin\server;C:\Users\Apoorv_Shandilya\AppData\Roaming\Code\User\globalStorage\redhat.java\1.26.0\config_win\org.eclipse.equinox.launcher\org.eclipse.equinox.launcher.win32.win32.x86_64_1.2.800.v20231003-1442;C:\Users\Apoorv_Shandilya\AppData\Local\Temp\jna--1206427295

VM Arguments:
jvm_args: --add-modules=ALL-SYSTEM --add-opens=java.base/java.util=ALL-UNNAMED --add-opens=java.base/java.lang=ALL-UNNAMED --add-opens=java.base/sun.nio.fs=ALL-UNNAMED -Declipse.application=org.eclipse.jdt.ls.core.id1 -Dosgi.bundles.defaultStartLevel=4 -Declipse.product=org.eclipse.jdt.ls.core.product -Djava.import.generatesMetadataFilesAtProjectRoot=false -DDetectVMInstallationsJob.disabled=true -Dfile.encoding=utf8 -XX:+UseParallelGC -XX:GCTimeRatio=4 -XX:AdaptiveSizePolicyWeight=90 -Dsun.zip.disableMemoryMapping=true -Xmx1G -Xms100m -Xlog:disable -javaagent:c:\Users\Apoorv_Shandilya\.vscode\extensions\redhat.java-1.26.0-win32-x64\lombok\lombok-1.18.31-3454.jar -XX:+HeapDumpOnOutOfMemoryError -XX:HeapDumpPath=c:\Users\Apoorv_Shandilya\AppData\Roaming\Code\User\workspaceStorage\f238fc9efdc87b7ca7445f1d9723603b\redhat.java -Daether.dependencyCollector.impl=bf 
java_command: c:\Users\Apoorv_Shandilya\.vscode\extensions\redhat.java-1.26.0-win32-x64\server\plugins\org.eclipse.equinox.launcher_1.6.700.v20231214-2017.jar -configuration c:\Users\Apoorv_Shandilya\AppData\Roaming\Code\User\globalStorage\redhat.java\1.26.0\config_win -data c:\Users\Apoorv_Shandilya\AppData\Roaming\Code\User\workspaceStorage\f238fc9efdc87b7ca7445f1d9723603b\redhat.java\jdt_ws --stdio
java_class_path (initial): c:\Users\Apoorv_Shandilya\.vscode\extensions\redhat.java-1.26.0-win32-x64\server\plugins\org.eclipse.equinox.launcher_1.6.700.v20231214-2017.jar
Launcher Type: SUN_STANDARD

[Global flags]
    uintx AdaptiveSizePolicyWeight                 = 90                                        {product} {command line}
     intx CICompilerCount                          = 3                                         {product} {ergonomic}
    uintx GCTimeRatio                              = 4                                         {product} {command line}
     bool HeapDumpOnOutOfMemoryError               = true                                   {manageable} {command line}
    ccstr HeapDumpPath                             = c:\Users\Apoorv_Shandilya\AppData\Roaming\Code\User\workspaceStorage\f238fc9efdc87b7ca7445f1d9723603b\redhat.java         {manageable} {command line}
   size_t InitialHeapSize                          = 104857600                                 {product} {command line}
   size_t MaxHeapSize                              = 1073741824                                {product} {command line}
   size_t MaxNewSize                               = 357564416                                 {product} {ergonomic}
   size_t MinHeapDeltaBytes                        = 524288                                    {product} {ergonomic}
   size_t MinHeapSize                              = 104857600                                 {product} {command line}
   size_t NewSize                                  = 34603008                                  {product} {ergonomic}
    uintx NonNMethodCodeHeapSize                   = 5832780                                {pd product} {ergonomic}
    uintx NonProfiledCodeHeapSize                  = 122912730                              {pd product} {ergonomic}
   size_t OldSize                                  = 70254592                                  {product} {ergonomic}
    uintx ProfiledCodeHeapSize                     = 122912730                              {pd product} {ergonomic}
    uintx ReservedCodeCacheSize                    = 251658240                              {pd product} {ergonomic}
     bool SegmentedCodeCache                       = true                                      {product} {ergonomic}
   size_t SoftMaxHeapSize                          = 1073741824                             {manageable} {ergonomic}
     bool UseCompressedClassPointers               = true                           {product lp64_product} {ergonomic}
     bool UseCompressedOops                        = true                           {product lp64_product} {ergonomic}
     bool UseLargePagesIndividualAllocation        = false                                  {pd product} {ergonomic}
     bool UseParallelGC                            = true                                      {product} {command line}

Logging:
Log output configuration:
 #0: stdout all=off uptime,level,tags
 #1: stderr all=off uptime,level,tags

Environment Variables:
PATH=C:\Program Files\Common Files\Oracle\Java\javapath;C:\Windows\system32;C:\Windows;C:\Windows\System32\Wbem;C:\Windows\System32\WindowsPowerShell\v1.0\;C:\Windows\System32\OpenSSH\;C:\Program Files\MySQL\MySQL Server 8.0\bin;C:\Program Files\MySQL\MySQL Shell 8.0\bin\;C:\Users\Apoorv_Shandilya\AppData\Local\Microsoft\WindowsApps;C:\Program Files\Java\jdk-17\bin;C:\Maven\apache-maven-3.9.6\bin;;C:\Program Files\JetBrains\IntelliJ IDEA Community Edition 2023.3.2\bin;;
USERNAME=Apoorv_Shandilya
OS=Windows_NT
PROCESSOR_IDENTIFIER=Intel64 Family 6 Model 60 Stepping 3, GenuineIntel
TMP=C:\Users\APOORV~1\AppData\Local\Temp
TEMP=C:\Users\APOORV~1\AppData\Local\Temp



Periodic native trim disabled


---------------  S Y S T E M  ---------------

OS:
 Windows 10 , 64 bit Build 19041 (10.0.19041.3636)
OS uptime: 0 days 9:02 hours

CPU: total 4 (initial active 4) (4 cores per cpu, 1 threads per core) family 6 model 60 stepping 3 microcode 0x27, cx8, cmov, fxsr, mmx, sse, sse2, sse3, ssse3, sse4.1, sse4.2, popcnt, lzcnt, tsc, tscinvbit, avx, avx2, aes, erms, clmul, bmi1, bmi2, fma, vzeroupper, clflush
Processor Information for all 4 processors :
  Max Mhz: 3201, Current Mhz: 3201, Mhz Limit: 3201

Memory: 4k page, system-wide physical 16239M (10066M free)
TotalPageFile size 18671M (AvailPageFile size 10766M)
current process WorkingSet (physical memory assigned to process): 463M, peak: 890M
current process commit charge ("private bytes"): 500M, peak: 869M

vm_info: OpenJDK 64-Bit Server VM (17.0.9+9) for windows-amd64 JRE (17.0.9+9), built on Oct 26 2023 14:01:42 by "admin" with MS VC++ 16.10 / 16.11 (VS2019)

END.
